Error: Error tokenizing data. C error: EOF inside string starting at row 0
Problematic Line: US	1849391	R2ZI6QRBTAOW7K	B00YNOA432	451278984	New Six Pack...Coming Soon Baseball Raglan Black/Gray S-3XL	Apparel	5	0	0	N	Y	" Living in Southern California especially Los Angeles is a sin if you are not in good shape and not to have a body of underwear	This is the other shirt I purchased from INTERSTATE APPAREL. I have a goal to achieve. That is very obvious on what is in the graphics of the shirt. I am not showing off, I just want to be physically fit. As one of the stand up comedian said, &#34; Living in Southern California especially Los Angeles is a sin if you are not in good shape and not to have a body of underwear fashion models&#34; HOLLYWOOD BABY!!!!!. BTW, I am from the BAY AREA , Cali. (NORCAL)  This shirt is a contant reminder not only for me, but for everybody. STAY HEALTHY.  Thank you INTERSTATE APPAREL FOR YOUR GENEROSITY. Awesome shirt. EXCELLENT CUSTOMER SERVICE. Highly recommended.	2015-07-16


Error: Error tokenizing data. C error: EOF inside string starting at row 0
Problematic Line: US	13711844	R25IFS8EF8X5MN	B00XM33F5Y	567172131	A+D Womens Casual Slub Burnout V-Nk T-Shirt Top w/ Back Stitch	Apparel	5	2	2	N	Y	" more like a unisex tee than woman's fit	Extremely soft and comfy tee! Fits &#34;boxy,&#34; more like a unisex tee than woman's fit. Shows off the right curves and hides the wrong ones!	2015-06-22


Error: Error tokenizing data. C error: EOF inside string starting at row 0
Problematic Line: US	46722524	R2HALWU5U0GWVL	B00XB4GZ1K	145426637	Chambray Button up Denim Women's Dress with Belt ( Regular/plus )	Apparel	5	2	3	N	Y	" Love this dress very comfortable the material is nice and ...	&#34; Love this dress very comfortable the material is nice and soft and i have to agree with some of the other buyers the sizing is a bit off definitely order a size up....am a medium 34B 26W 37H so i decided to go with a large and the fit was perfect!!!	2015-07-06


Error: Error tokenizing data. C error: EOF inside string starting at row 0
Problematic Line: US	12050354	RLP0EG9U8X0NZ	B00WME6WR2	29262468	niceEshop(TM) Women Fashion Colorful Rose Flower Elegant Rhinestone Brooch Pin	Apparel	5	6	6	N	Y	"there's no way these can be good quality for such a low price	You're reading the reviews because you're asking yourself, &#34;there's no way these can be good quality for such a low price, right?&#34; I bought this broach and am VERY pleased with the quality. If you're on the fence, I highly recommend buying it.	2015-08-22


Error: Error tokenizing data. C error: EOF inside string starting at row 0
Problematic Line: US	51860564	R9CKLYMYVH3FL	B00WEPJ5BO	655890489	Yummy Bee Womens Lingerie Lace Panties Suspender Belt Garter + Fishnet Stockings Size Purple 10	Apparel	4	0	0	N	Y	" but that being said these are very comfortable and my S/O enjoyed them very much	I do think it's hilarious (and sad) that a size 8 is considered &#34;Plus Size,&#34; but that being said these are very comfortable and my S/O enjoyed them very much!!	2015-08-12


Error: Error tokenizing data. C error: EOF inside string starting at row 0
Problematic Line: US	22371768	R2JK7277RVM1M5	B00W0ZY2IO	737273571	Aiduo Flower Girls Ball Gown Long Pageant Dresses Hot Pink	Apparel	2	1	1	N	Y	" I would not recommend purchasing this dress	My child is a very small 7 year old.  I received this dress, couldn't get the zipper up over her bottom, and the zipper broke on the 2nd try.  It is sized very small, it is VERY long...If we were going to be able to use this dress, we would have had to alter over 4 inches off the bottom, and my daughter is on the growth scale for height at 60%.  Also, this ships from China, which I was completely unaware of when ordering.  The dress looks gorgeous in the picture, and I am sure from a distance, it would look remarkable as well.  However, up close, it looks very &#34;Chintzy.&#34;  I would not recommend purchasing this dress.	2015-06-17


Error: Error tokenizing data. C error: EOF inside string starting at row 0
Problematic Line: US	10087823	R1DWANFWTQ9H7J	B00VTEBVQS	840336134	Nuosende Men's Summer Military Style Short Sleeve Shirt	Apparel	1	0	0	N	Y	"Don't waste your Time on this Shirt	Boring! Run toooooooooo small!	2015-06-28


Error: Error tokenizing data. C error: EOF inside string starting at row 0
Problematic Line: US	11199131	R31GZU6A7L3V6O	B00VSDBL6A	774689716	Body Candy Women's After Bath Cozy Soft Micro Fleece Cover Up One Size	Apparel	5	1	1	N	Y	" That's good enough for me	My granddaughter says it's &#34;awesome.&#34;  That's good enough for me. Glad I sent it to her.	2015-07-23


Error: Error tokenizing data. C error: EOF inside string starting at row 0
Problematic Line: US	38677437	R1AP8PNQMUA8M2	B00VMLDYQI	378208403	Nickelodeon Girl's Ninja Turtles Deluxe Backpack with Lunch Kit	Apparel	5	0	0	N	Y	" Great backpack/lunchbox for the girl who loves the turtles just ...	In the words of my lover of all things TMNT  Kindergartener, &#34;Awesome!&#34; Great backpack/lunchbox for the girl who loves the turtles just as much (if not more) than any boy.	2015-08-10


Error: Error tokenizing data. C error: EOF inside string starting at row 0
Problematic Line: US	11796285	R3UZLXNOYR6K16	B00VKAWM1Y	145647629	Pink Queen Women's High Waisted Cross Bikini Set Retro Swimsuit Polka Dot L	Apparel	5	0	0	N	Y	"Ncredible swimsuit	This swimsuit is &#34;A*M*A*Z*I*N*G*,,, I LOVE ,LOVE IT.  I bought a large and it fits &#34;perfectly'. Plan to order many other color. THANK YOU,, THANK YOU, THANK YOU,seller	2015-05-13


Error: Error tokenizing data. C error: EOF inside string starting at row 0
Problematic Line: US	44844063	R1ZWHUVXFWPVQY	B00V8HDF6U	819320876	Fitu Women's No Show Liner Socks 6 Pairs Pack Low Cut with Lace and Silicon Heel Grip	Apparel	5	1	1	N	Y	"they are the best thing ever	Wife says, &#34;they are the best thing ever: fit well and stay put on my feet.&#34;	2015-07-19


Error: Error tokenizing data. C error: EOF inside string starting at row 0
Problematic Line: US	11952196	R2LU2C6T3W1QVB	B00V4KZ6SG	141088303	V28® Women's Short Sleeves Batwing Designer Top	Apparel	5	0	0	N	Y	"top looks like pictured, sits well on a slim frame	&#34;top looks like pictured, sits well on a slim frame. I ordered size LG my height is 5'5 weight 135 lb. and it fits well.!&#34;	2015-07-01


Error: Error tokenizing data. C error: EOF inside string starting at row 0
Problematic Line: US	22984682	R2D43M4HFRQOVV	B00V4CEF7C	744132000	YSJ Women's Midi Skirt A-Line Pleated High Waist Polka Dot OL Skirts	Apparel	5	1	2	N	Y	" it fits perfectly and I love the length of it	this skirt is gorgeous and even tho it says, &#34;one size fits all,&#34; it fits perfectly and I love the length of it.	2015-04-23


Error: Error tokenizing data. C error: EOF inside string starting at row 0
Problematic Line: US	24588920	R1O3OT9N6RX332	B00V3V7YWC	888232026	IDARBI Men’s Poly Cotton Basic Tri-Blend Crew Neck Short Sleeve T-Shirt	Apparel	1	1	1	N	Y	" The color and fit were wonderful, but the material they use is extremely cheap	I've never written a review before, but do not purchase this shirt. On the second wash, the entire back of the shirt &#34;pilled.&#34; The color and fit were wonderful, but the material they use is extremely cheap. Check out District shirts if you want fit and quality.	2015-07-18


Error: Error tokenizing data. C error: EOF inside string starting at row 0
Problematic Line: US	19152766	RRNZNVTGNG5Q2	B00UV7L15U	497069398	Women's Push up 2 Piece Neoprene Biniki Swimsuit Swimwear	Apparel	1	0	0	N	Y	" It feels like it's made of a scuba suit and just uncomfortable ...	I expected this to be a real pushup swimsuit. Unless if pushup means squish your bust against yourself so you have top boobs and nothing else then sure it's a &#34;pushup.&#34; It feels like it's made of a scuba suit and just uncomfortable all around. Nothing like they show in the pictures.	2015-05-21


Error: Error tokenizing data. C error: EOF inside string starting at row 0
Problematic Line: US	21020166	R3D7M15FBNZSV9	B00UUTK3BM	417917380	Borgasets Trifold Printed Leather Wallet - Van Gogh	Apparel	5	1	1	N	Y	"This is a beautiful wallet! The texture is wonderful and I like ...	According to my wife: &#34;This is a beautiful wallet! The texture is wonderful and I like the all the divisions. Great product!&#34;	2015-08-24


Error: Error tokenizing data. C error: EOF inside string starting at row 0
Problematic Line: US	46722524	R2O27WZN0SDHZ1	B00UTSYTDC	455423345	iecool Womens Sexy Knitting Beach Dress Bikini Swimwear Cover-up	Apparel	5	1	2	N	Y	"I love this dress so beautiful and ligtht weight perfect for ...	&#34;I love this dress so beautiful and ligtht weight perfect for the beach....and i received it sooner then i taught!!!!&#34;	2015-05-29


Error: Error tokenizing data. C error: EOF inside string starting at row 0
Problematic Line: US	4854399	R12MF5B806PH43	B00UF6FN74	997467680	Authentic MARVEL AVENGERS Age Of Ultron Assemble Slim Fit T-Shirt S-2XL NEW	Apparel	5	0	0	N	Y	" excellent quality and fits me just great	&#34;I once had strings, but now I'm free... There are no strings on me!&#34;<br />excellent quality and fits me just great! Now I want the rest of the Avengers shirts!	2015-07-22


Error: Error tokenizing data. C error: EOF inside string starting at row 0
Problematic Line: US	46370544	R25HRAAHCBWVWB	B00TTWMF4O	638761461	TeeStars Women's - Pi Day Once In A Century March 14, 2015 Long Sleeve T-shirt	Apparel	5	0	0	N	Y	"IS THE MOST AWESOME THING EVER	I ordered the pi day t-shirt as a surprise gift for my daughter who is an engineering study at Cornell University. She said the t-shirt, &#34;IS THE MOST AWESOME THING EVER!&#34; What more could a mom want?!	2015-03-10


Error: Error tokenizing data. C error: EOF inside string starting at row 0
Problematic Line: US	41073813	R3O9QS7QV3DS1Z	B00THHO54E	45571140	Tribute To The Black Panther Party T-Shirt 100% Premium Cotton	Apparel	1	32	54	N	N	" Why is Amazon selling racist hate crime merchandise	Malik Shabazz, Chairman, June 24, 2015, Charleston, SC:  &#34;finish the mission” of killing “slave masters” and their families.&#34;<br /><br />Why is Amazon selling racist hate crime merchandise?	2015-06-24


Error: Error tokenizing data. C error: EOF inside string starting at row 0
Problematic Line: US	9203393	R36F6OHQ72A29W	B00TGK1LM6	930443493	Agatha Garcia Women's Darling Spaghetti Strap Open Back Pleated Dress	Apparel	5	0	0	N	N	"I bought this beautiful dress because I liked very much the options	&#34;I bought this beautiful dress because I liked very much the options. I always buy at amazon because its so easy.	2015-02-12


Error: Error tokenizing data. C error: EOF inside string starting at row 0
Problematic Line: US	13114374	R2Y2LYCX55XE95	B00TE0E8UA	225929806	Charmian Women's 26 Steel Boned Cotton Long Torso Hourglass Body Shaper Corset	Apparel	5	1	1	N	Y	" The length is perfect, if you don't want to bubble out at ...	I ordered the larger size, since I was in between. Should've gotten the smaller one, because the strings are LONG and could've compensated. Either way, it fits!  And it's not &#34;too long.&#34; The length is perfect, if you don't want to bubble out at the bottom. Great item for a great price!!	2015-04-04


Error: Error tokenizing data. C error: EOF inside string starting at row 0
Problematic Line: US	43061073	R34Z4US6K8V9P6	B00T9DYN70	167635680	Azbro Women's Round Neckline Floral sleeveless Tank Top	Apparel	5	0	0	N	N	"It's one of my favorite shirts. I got this one and a dog ...	&#34;It's one of my favorite shirts. I got this one and a dog print shirt, both have awesome quality prints.	2015-02-10


Error: Error tokenizing data. C error: EOF inside string starting at row 0
Problematic Line: US	52709341	RVREPZP9UUS40	B00SXA4SU2	136376339	Beltaway² SQUARE BUCKLE- Beltaway's Flat Buckle Stretch No Show Belt	Apparel	5	1	1	N	Y	" it was not that comfortable. This belt	I have another belt of this type, but made of plastic, and while it was &#34;invisible,&#34; it was not that comfortable. This belt, with its stretch material, is very easy to fasten and adjust while wearing, as well as being much more comfortable to wear.	2015-05-13


Error: Error tokenizing data. C error: EOF inside string starting at row 0
Problematic Line: US	15460130	R28IIXEKVIR0DL	B00SO6ZI9U	523104564	HEAD Men's Cross Trainer Performance Shorts	Apparel	4	0	0	N	Y	" but they still seem to fit fairly well (I would like them a little bit looser)	I did not realize until I received this shorts that they were designated as &#34;slim fit,&#34; but they still seem to fit fairly well (I would like them a little bit looser).  I like 'em.	2015-08-11


Error: Error tokenizing data. C error: EOF inside string starting at row 0
Problematic Line: US	1256664	R1I5CBXRMDB5YM	B00SKWXUXO	61602001	Azbro Women's Black Mesh Panel Club Skater Dress	Apparel	5	0	0	N	N	"This dress fits great, the fabric is light	&#34;This dress fits great, the fabric is light, perfect for the tropics. Fit true to size and looks just like the picture. I would buy from this seller again as they replaced my first order when it was lost with professionalism and a speedy response.&#34;	2015-01-27


Error: Error tokenizing data. C error: EOF inside string starting at row 0
Problematic Line: US	50182251	R24N7TAK134BYV	B00SCGV422	511211561	WHITE APPAREL Women Seamless Full & Capri Length Leggings (Combos Available)	Apparel	5	2	4	N	Y	"These are comfortable and they keep me warm	This is how much the full length leggings were appreciated by my aunts -- I purchased 4 more pairs the next day. These leggings were a &#34;hit.&#34; The review from my 71-year-old aunt, &#34;These are comfortable and they keep me warm. Buy some more for me, please.&#34;	2015-03-02


Error: Error tokenizing data. C error: EOF inside string starting at row 0
Problematic Line: US	13204131	R2XCCI55KI9R9Y	B00S87MBWW	96604451	Calvin Klein Women's Infinite Lace Triangle Bra	Apparel	4	3	4	N	Y	" It's rather like a teen bra	This is  the classic CK triangle bra.  It's luscious in the purple, and washes well.  Women familiar with the sizes S,M,L, will realize that this style is cut small, so if you're larger than a B, it's not for you.  It does it's job for the smaller breasted, and lifts beautifully  Pricey, but worth it.  FN	2015-06-04


Error: Error tokenizing data. C error: EOF inside string starting at row 0
Problematic Line: US	2763117	RSWHEYMHV36M0	B00RZQ4102	797258283	Eagle Men's Regular Fit Non Iron Tattersalle	Apparel	5	3	3	N	Y	" You don't want Brooks Brothers if you are going to get dirty working fifteen hours in your restaurant	It's not Brooks Brothers, and it's not Kirkland brand, evidenced by the tag that says &#34;Eagle.&#34;  You don't want Brooks Brothers if you are going to get dirty working fifteen hours in your restaurant, and you don't want Kirkland because once your co-worker finds out he's going to know you're a cheap bastard and make fun of you and give you that look, accompanied by that smirk.  You already hate each other, so don't give him any more leverage to piss you off.<br /><br />The shirt fits great.  I'm dead serious.  It makes my chest look less gynocomasticky, and it's a Regular Fit so it makes me think you can't see my longjas spilling out.  When I raise my arms above my head, it doesn't come un-tucked like my Land's End shirts. Longjas is a spanish word -- don't worry about it.<br /><br />The material is on the thin side, a little itchy, and feels like when your girlfriend forgot to shave her legs two days ago.  You know, like when her leg stubble scratches you at night and wakes you up?  THAT.  Just wear an undershirt, and it won't be itchy and you can stop crying about it.  Now, that the material is &#34;itchy,&#34; it may be prone to getting that gunk line around the collar that looks like your bathtub filth ring.  When you're single and live in a studio apt. you have at least two of these working on rotation in the same tub.  Anyway, I forget what they're called, but you can get those things for your collar -- they're like maxi pads for your neck sweat.  I'm going to start calling them Nexi Pads,  Undershirt+Nexies and you're golden.<br /><br />I'm going to buy these shirts every payday with the Amazon Prime account I accidentally signed up for.  I forgot to cancel it after the trial period.<br /><br />I really like these shirts for what I use them for as a restaurant manager.	2015-08-21


Error: Error tokenizing data. C error: EOF inside string starting at row 0
Problematic Line: US	43061073	R1AAUVJVIUK847	B00RVHCD32	693184941	Azbro Women Black Sheer Cut Out Crochet Lace Sheath Mini Dress	Apparel	5	0	0	N	N	"Love the material -- it is stretchy and form-flattering without ...	&#34;Love the material -- it is stretchy and form-flattering without being skin tight. It is also not a lightweight, see-through material (like I was almost expecting) but it's not so heavy that it makes you hot. It looks fabulous! &#34; under this product &#34;http://www.amazon.com/Azbro-Women-Crochet-Sheath-Dress/dp/B00RVHCFRG/ref=sr_1_60?m=A2T1EQIZFVYEBO&s=merchant-items&ie=UTF8&qid=1421374330&sr=1-60&#34;	2015-01-26


Error: Error tokenizing data. C error: EOF inside string starting at row 0
Problematic Line: US	46722524	R3CHA3V7RMLQIT	B00RV37ODK	445574410	MicaCool Womens Sexy Beige Sleeveless Beach Bikini Swimwear Cover-up	Apparel	5	3	3	N	Y	"OMG I love it comfortable and sexy perfect for the summer time	&#34;OMG I love it comfortable and sexy perfect for the summer time...It looks just like the picture....Am a 34B 26W 37H and it fit me perfect not big and not small...am happy with my purchase....however the only downfall was it literally took a month for me to receive it&#34;	2015-03-26


Error: Error tokenizing data. C error: EOF inside string starting at row 0
Problematic Line: US	49371044	R2BIXNHXKNYBCR	B00RK4KX8I	904716157	Rekucci Women's Ease into Comfort Luxe Ponte Pencil Skirt With Button Detail	Apparel	5	1	1	N	Y	" It's nice material and my favorite style	With snow on the ground it's still too early to wear this skirt, but it's calling my name from the closet!  &#34;Wear me!&#34; It's nice material and my favorite style.  I have at least six Rekucci skirts and always look for another one.  They're easy-care, fit right, and are always meet the promos claim.	2015-03-25


Error: Error tokenizing data. C error: EOF inside string starting at row 0
Problematic Line: US	7573718	R1F8I9ZPP011SO	B00RBF5WVO	424534919	Ladies Floral Strappy Pencil Bodycon Dress Halter Knee Length Midi Dress	Apparel	3	0	0	N	Y	"145 lbs with thicker than normal thighs and the dress hugged me nicely. It falls to mid-calf for me and the ...	I have to admit the picture is a little different than the dress that I received. I'm about 5'0&#34;-5'1,&#34;145 lbs with thicker than normal thighs and the dress hugged me nicely. It falls to mid-calf for me and the material is very comfortable. I had to scroll down to the actual sizing to choose the right size- M for me per the given measurement. the skirt is a little see-through, however the top isn't as white as the picture either. Overall I liked the dress and cant't wait to wear it.	2015-03-24


Error: Error tokenizing data. C error: EOF inside string starting at row 0
Problematic Line: US	17925465	RSBEAXNE9UOQ	B00RAKFGCU	263527839	Inktastic O.C.D (Obsessive Cat Disorder) Women's T-Shirt Medium White	Apparel	1	0	0	N	Y	" I bought this for my good friend as one of her birthday presents because she ...	The quality of this T-shirt is VERY cheap. I guess I should have assumed that for the price, but it's very thin and the brand is &#34;Fruit of the Loom.&#34; I bought this for my good friend as one of her birthday presents because she is a huge cat lover. I was embarrassed to give her this T-shirt but it arrived the day that I was going to see her, so I didn't have time to buy her a different present. I would have returned it otherwise. Also, all the reviews of it said that it ran really small so I ordered a 2X (she is a size large), but it ran true to size.	2015-08-18


Error: Error tokenizing data. C error: EOF inside string starting at row 0
Problematic Line: US	5009465	R2QIS9NRIC6ZAH	B00R4YB8NS	904855266	Dreamgirl Women's Sexy Bodycon Ponte Knit High Neck Club Dress	Apparel	5	0	0	N	Y	"This is the perfect dress for the perfect occasion	&#34;This is the perfect dress for the perfect occasion. I love the style, fit, and material of the dress. The dress does come as it looks above and is packaged neatly, so if you are not comfortable showing your cleavage a little, then I would not suggest getting it. This was definitely worth buying and I will have to check out other items by this seller. The material is not thin, so you can still hide imperfections. Ladies, it is worth the money and ships fast. Love it! Love it! Love it!&#34;	2015-02-10


Error: Error tokenizing data. C error: EOF inside string starting at row 0
Problematic Line: US	46640273	R29S8M1XNRVL1	B00R4749A4	386060830	David & Goliath Little Girls' Friends Don't Eat Friends Tee	Apparel	5	0	0	N	Y	" The joy of teething 1 year olds	Cutest shirt. This is almost the phase my child's teacher's use to remind the kids to not bite each other. &#34;We eat food not friends.&#34; The joy of teething 1 year olds. this shirt is sure to be a hit.	2015-06-21


Error: Error tokenizing data. C error: EOF inside string starting at row 0
Problematic Line: US	39193559	R1B9KRHI4S9GRA	B00QWNTPQE	147380233	Agatha Garcia® Sexy Women V Neck Gold Lace Club Dress	Apparel	5	0	1	N	N	"I love it very nice	&#34;I love it very nice. I just got it and I'm in love with it I cant wait till the weekend&#34; .glaiza	2015-01-14


Error: Error tokenizing data. C error: EOF inside string starting at row 0
Problematic Line: US	38162566	R13XNJA9NVJCFV	B00QWNTN16	147380233	Agatha Garcia® Sexy Women V Neck Gold Lace Club Dress	Apparel	5	0	2	N	N	"http: //www. amazon. com/Agatha-Garcia-Sexy-Women-Dress/dp/B00QWNTPQE/ref=sr_1_1?	&#34;http://www.amazon.com/Agatha-Garcia-Sexy-Women-Dress/dp/B00QWNTPQE/ref=sr_1_1?m=A16DA0EKIHEVZK&s=merchant-items&ie=UTF8&qid=1421128056&sr=1-1&#34;	2015-01-13


Error: Error tokenizing data. C error: EOF inside string starting at row 0
Problematic Line: US	45160164	R2990Y39BAQXL9	B00QUYTBIM	614638760	Sexy Women's Oversized Beach Bikini Swimwear Cover-up (Y-Color 6)	Apparel	1	1	1	N	Y	" This is pretty small with very tight sleeves	Swim suit cover-úps should be somewhat roomy especially if the size is &#34;one size...&#34; This is pretty small with very tight sleeves.  My normal size is 8/10 women AND juniors so I was very disappointed when this arrived  I would not describe it as oversized unless my three year old was wearing it	2015-05-22


Error: Error tokenizing data. C error: EOF inside string starting at row 0
Problematic Line: US	21157388	R2ZH4DKEX6768J	B00QUCQ0LK	726206519	Cozy Cotton Flannel Nightgown Purple Rosebuds Made in USA	Apparel	5	4	5	N	Y	" I just couldn't find flannel pajamas or a night gown this year that didn't look like something that I already owned or that di	I bought the flannel gown and robe set as &#34;Christmas pajamas.&#34;  I just couldn't find flannel pajamas or a night gown this year that didn't look like something that I already owned or that didn't seem so expensive for pajamas.  The set is cozy, warm, comfortable and washed well.  It is not sexy in any way, but I knew that from reading the description prior to making the purchase.  If you are looking for something cozy and warm that is not the traditional plaid flannel, then this is a good buy.  Also, I am 6' 1&#34; tall.  I had no complaints about the length.	2015-02-07


Error: Error tokenizing data. C error: EOF inside string starting at row 0
Problematic Line: US	41120322	R2GDT21SXI6PAQ	B00QU1VRYG	41649438	Cici Socks Toddlers Boys Cotton Cartoon Soft Socks 3-10 years Striped Socks,8 Pairs	Apparel	5	0	0	N	Y	" I like colors and overall shapes	Those are cute socks. My son always points out cars on his socks and shouting &#34; car, truck!&#34; I like colors and overall shapes, too. True to size, i believe. I size up and there are plenty of room to grow.	2015-03-07


Error: Error tokenizing data. C error: EOF inside string starting at row 0
Problematic Line: US	1571185	R1NQKSJ1DK9EO6	B00QTK2PBM	210782962	Agatha Garcia Sexy Women Halter Draped Gold Belted Olive Maxi Dress	Apparel	5	0	0	N	N	"I love how it looks and the material is comfortable	&#34;I love how it looks and the material is comfortable. It fit just right thankfully.I can't wait to dress it up and wear it.	2015-01-13


Error: Error tokenizing data. C error: EOF inside string starting at row 0
Problematic Line: US	3582977	R1GRQXDD47FQU2	B00QRR4H7W	114752217	Agatha Garcia 5 Colors Iconic Structured Man Long Sleeves Puffer Coat	Apparel	5	0	0	N	N	"I enjoy this coat very much	&#34;I enjoy this coat very much, it's warm and slim for my size. The arms are a perfect fit, and I haven't had to wear a scarf since the neck huddles in close to you.&#34;	2014-12-29


Error: Error tokenizing data. C error: EOF inside string starting at row 0
Problematic Line: US	3582977	RA6TCG22EXQ8Y	B00QRJ3KRI	428020451	Agatha Garcia® Man Zippered PU Leather Removable Sleeves Motor Jacket	Apparel	5	0	0	N	N	"This is a nice jacket for fairly cold weather	&#34;This is a nice jacket for fairly cold weather.It's my new favorite jacket!&#34;	2014-12-29


Error: Error tokenizing data. C error: EOF inside string starting at row 0
Problematic Line: US	3266117	R1HP73ADM2Z9CQ	B00QFPDW7C	541058657	Stanzino Women's Slim Fit Faux Leather Biker Jacket	Apparel	5	0	0	N	Y	" Great little jacket for the money	&#34;  Great little jacket for the money. With a few adjustments it's just perfect for my granddaughter 's Comic Con costume.Very pleased.  &#34;	2015-07-27


Error: Error tokenizing data. C error: EOF inside string starting at row 0
Problematic Line: US	36809838	R2QTDDDDWFSEPT	B00QBUFASK	898635660	Leg Warmer, V28 Women Ladies Girl Fashion Winter Bohemian Boho Knit Crochet Long	Apparel	5	0	0	N	Y	"I love your leggings	I get stopped and told, &#34;I love your leggings.&#34;	2015-01-18


Error: Error tokenizing data. C error: EOF inside string starting at row 0
Problematic Line: US	15460130	RVFITECM9R75P	B00Q81SRYG	877181328	HEAD Men's Break Point Short	Apparel	4	1	2	N	Y	" but they still seem to fit fairly well (I would like them a little bit looser)	I did not realize until I received this shorts that they were designated as &#34;slim fit,&#34; but they still seem to fit fairly well (I would like them a little bit looser).  I like 'em.	2015-08-11


Error: Error tokenizing data. C error: EOF inside string starting at row 0
Problematic Line: US	16183644	R2Y1Q2CMGTHM73	B00Q5HXYRS	457726224	Velvet Intimates Women's Strapless Laced Silicone Adhesive Push Up Bra	Apparel	5	0	0	N	N	"My wife decided to wear a strapless, backless gown ...	&#34;My wife decided to wear a strapless, backless gown on our wedding day. She almost moved the date because she could not find the proper undergarment (not actually, but still). I saved the day by buying her this.&#34;	2015-03-05


Error: Error tokenizing data. C error: EOF inside string starting at row 0
Problematic Line: US	22464228	R1055U7DGU76DZ	B00Q1EG3V4	722969203	Cocoship 50s Elegant Inspired Retro Vintage One Piece Pin Up Monokinis Swimsuit(FBA)	Apparel	5	0	0	N	Y	" I read the reviews and ordered this suit because I loved the styling	My husband said, &#34;Va Va Voom!&#34; I read the reviews and ordered this suit because I loved the styling.  I really didn't have high hopes because it was SO reasonably priced...I was worried that it would look cheap.  This suit is fabulous.  Now, it's only going to be fabulous on the right kind of figure. It is underwire which is perfect for me because I'm a 38D bra size. I ordered exactly according to the size guide (which is super weird).  I am short, 5'3&#34; and the length of the suit fits me perfectly.  I think if you are super tall it would not work.  It seems to be a short curvy girl's suit.  This suit looks better on me than the high end suit that I ordered for over $100...I am sending that one back and ordering another one of these in a different color. If you are a short curvy girl with boobs this is the suit for you!!  Very modest as well.  I'm 48 and this looks age appropriate without looking like an old lady at all.  Perfect suit.  Can you tell how much I love it???	2015-03-15


Error: Error tokenizing data. C error: EOF inside string starting at row 0
Problematic Line: US	52024530	R11V4PD6HF32DE	B00PVVQC50	132025507	Balaclava (2 Pack) Ski Mask, Motorcycle Premium Face Mask, Black-1 Pack avail.	Apparel	5	0	0	N	Y	"Works well in the below zero weather we have been ...	&#34;Works well in the below zero weather we have been having lately! &#34;	2015-02-24


Error: Error tokenizing data. C error: EOF inside string starting at row 0
Problematic Line: US	16505728	R14L6XK18IHS0O	B00PS3F0Q8	803822460	Vanity Fair Women's Cooling Touch Full Figure Underwire Bra	Apparel	5	0	0	N	Y	" Very comfortable and just enough coverage/padding to cover up without being ...	I put this on and said &#34;ahhhh.&#34; Very comfortable and just enough coverage/padding to cover up without being bulky or hot. Love!	2015-06-12


Error: Error tokenizing data. C error: EOF inside string starting at row 0
Problematic Line: US	2698643	R26A7H0CQA47PT	B00PRP9C7K	893585113	Playtex Women's 18-Hour Ultimate Lift And Support Wire-Free Bra	Apparel	5	0	0	N	Y	" I love the way it fits and you almost can't tell ...	Ever since I purchased my first &#34;PLAYTEX&#34;  bra, I thought to myself, &#34;Why did I wait all these years to try one?&#34; I love the way it fits and you almost can't tell you're wearing it, it's so comfortable!	2015-05-08


